<?xml version="1.0" encoding="UTF-8"?>
<!-- Generated by org.testng.reporters.JUnitReportReporter -->
<testsuite hostname="Manu" failures="0" tests="2" name="Rahulshettyacademy.tests.ErrorValidation" time="17.276" errors="0" timestamp="2024-02-17T08:29:55 IST" skipped="0">
  <testcase classname="Rahulshettyacademy.tests.ErrorValidation" name="Itemexists" time="12.092"/>
  <testcase classname="Rahulshettyacademy.tests.ErrorValidation" name="LoginError" time="5.184"/>
</testsuite> <!-- Rahulshettyacademy.tests.ErrorValidation -->
