<?xml version="1.0" encoding="UTF-8"?>
<!-- Generated by org.testng.reporters.JUnitReportReporter -->
<testsuite hostname="IND-CHN-LT11307" failures="0" tests="1" name="Rahulshettyacademy.tests.Login2" time="17.951" errors="0" timestamp="2024-02-13T07:57:18 IST" skipped="0">
  <testcase classname="Rahulshettyacademy.tests.Login2" name="submitorder" time="17.951"/>
</testsuite> <!-- Rahulshettyacademy.tests.Login2 -->
