<?xml version="1.0" encoding="UTF-8"?>
<!-- Generated by org.testng.reporters.JUnitReportReporter -->
<testsuite hostname="IND-CHN-LT11307" failures="0" tests="2" name="Rahulshettyacademy.tests.ErrorValidation" time="17.878" errors="0" timestamp="2024-02-16T07:27:18 IST" skipped="0">
  <testcase classname="Rahulshettyacademy.tests.ErrorValidation" name="LoginError" time="6.888"/>
  <testcase classname="Rahulshettyacademy.tests.ErrorValidation" name="Itemexists" time="10.990"/>
</testsuite> <!-- Rahulshettyacademy.tests.ErrorValidation -->
